make.exe all --print-data-base --no-builtin-variables --no-builtin-rules --question
Makefile:8: /make/project.mk: No such file or directory
make: *** No rule to make target '/make/project.mk'.  Stop.

# GNU Make 4.3
# Built for Windows32
# Copyright (C) 1988-2020 Free Software Foundation, Inc.
# License GPLv3+: GNU GPL version 3 or later <http://gnu.org/licenses/gpl.html>
# This is free software: you are free to change and redistribute it.
# There is NO WARRANTY, to the extent permitted by law.

# Make data base, printed on Thu Jun 30 01:31:06 2022

# Variables

# environment
SYSTEMDRIVE = C:
# environment
JAVA_HOME = C:\Program Files\OpenJDK\jdk-18
# environment
LC_ALL = C
# makefile (from 'Makefile', line 6)
PROJECT_NAME := sample_project
# environment
USERPROFILE = C:\Users\Ian
# environment
LOCALAPPDATA = C:\Users\Ian\AppData\Local
# environment
VSCODE_IPC_HOOK_EXTHOST = \\.\pipe\vscode-ipc-25b4257d-8a17-4e71-ab9e-164206b05f7d-sock
# environment
VSCODE_CWD = C:\Users\Ian\AppData\Local\Programs\Microsoft VS Code
# environment
CHOCOLATEYINSTALL = C:\ProgramData\chocolatey
# environment
SYSTEMROOT = C:\WINDOWS
# environment
PROCESSOR_LEVEL = 6
# environment
PSMODULEPATH = C:\Program Files\WindowsPowerShell\Modules;C:\WINDOWS\system32\WindowsPowerShell\v1.0\Modules;C:\Program Files (x86)\Microsoft SQL Server\150\Tools\PowerShell\Modules\
# default
MAKE_COMMAND := C:/ProgramData/chocolatey/lib/make/tools/install/bin/make.exe
# automatic
@D = $(patsubst %/,%,$(patsubst %\,%,$(dir $@)))
# environment
CHROME_CRASHPAD_PIPE_NAME = \\.\pipe\crashpad_7532_LYNSQLGMSNFIYKQN
# environment
VSCODE_HANDLES_UNCAUGHT_ERRORS = true
# default
.VARIABLES := 
# automatic
%D = $(patsubst %/,%,$(patsubst %\,%,$(dir $%)))
# automatic
^D = $(patsubst %/,%,$(patsubst %\,%,$(dir $^)))
# environment
VSCODE_LOG_STACK = false
# automatic
%F = $(notdir $%)
# environment
VSCODE_CODE_CACHE_PATH = C:\Users\Ian\AppData\Roaming\Code\CachedData\30d9c6cd9483b2cc586687151bcbcd635f373630
# environment
LANG = C
# default
.LOADED := 
# environment
TMP = C:\Users\Ian\AppData\Local\Temp
# default
.INCLUDE_DIRS = .
# environment
PROCESSOR_ARCHITEW6432 = AMD64
# makefile
MAKEFLAGS = prR
# environment
ONEDRIVE = C:\Users\Ian\OneDrive
# makefile
CURDIR := c:/Users/Ian/VSCode_Projects/ESP32_CAM_LIVE
# environment
VSCODE_PIPE_LOGGING = true
# environment
APPLICATION_INSIGHTS_NO_DIAGNOSTIC_CHANNEL = true
# automatic
*D = $(patsubst %/,%,$(patsubst %\,%,$(dir $*)))
# environment
PROGRAMFILES = C:\Program Files (x86)
# environment
MFLAGS = -prR
# default
.SHELLFLAGS := -c
# environment
COMMONPROGRAMW6432 = C:\Program Files\Common Files
# automatic
+D = $(patsubst %/,%,$(patsubst %\,%,$(dir $+)))
# makefile (from 'Makefile', line 1)
MAKEFILE_LIST := Makefile
# automatic
@F = $(notdir $@)
# environment
VSCODE_VERBOSE_LOGGING = true
# environment
VSCODE_PID = 7532
# environment
CUDA_PATH = C:\Program Files\NVIDIA GPU Computing Toolkit\CUDA\v11.6
# automatic
?D = $(patsubst %/,%,$(patsubst %\,%,$(dir $?)))
# environment
POSH_THEMES_PATH = C:\Users\Ian\AppData\Local\Programs\oh-my-posh\themes
# automatic
*F = $(notdir $*)
# automatic
<D = $(patsubst %/,%,$(patsubst %\,%,$(dir $<)))
# environment
VSCODE_NLS_CONFIG = {"locale":"en-us","availableLanguages":{},"_languagePackSupport":true}
# environment
ONEDRIVECONSUMER = C:\Users\Ian\OneDrive
# default
MAKE_HOST := Windows32
# environment
PROGRAMDATA = C:\ProgramData
# default
SHELL := sh.exe
# environment
HOMEPATH = \Users\Ian
# default
MAKECMDGOALS := all
# environment
DRIVERDATA = C:\Windows\System32\Drivers\DriverData
# environment
COMSPEC = C:\WINDOWS\system32\cmd.exe
# environment
WINDIR = C:\WINDOWS
# environment
MAKELEVEL := 0
# default
MAKE = $(MAKE_COMMAND)
# environment
PATH = C:\Program Files\NVIDIA GPU Computing Toolkit\CUDA\v11.6\bin;C:\Program Files\NVIDIA GPU Computing Toolkit\CUDA\v11.6\libnvvp;C:\Program Files\NVIDIA GPU Computing Toolkit\CUDA\v11.4\bin;C:\Program Files\NVIDIA GPU Computing Toolkit\CUDA\v11.4\libnvvp;C:\Program Files (x86)\Embarcadero\Studio\21.0\bin;C:\Users\Public\Documents\Embarcadero\Studio\21.0\Bpl;C:\Program Files (x86)\Embarcadero\Studio\21.0\bin64;C:\Users\Public\Documents\Embarcadero\Studio\21.0\Bpl\Win64;C:\Program Files (x86)\Razer Chroma SDK\bin;C:\Program Files\Razer Chroma SDK\bin;C:\Program Files (x86)\Razer\ChromaBroadcast\bin;C:\Program Files\Razer\ChromaBroadcast\bin;C:\Windows\system32;C:\Windows;C:\Windows\System32\Wbem;C:\Windows\System32\WindowsPowerShell\v1.0\;C:\Windows\System32\OpenSSH\;C:\Program Files (x86)\NVIDIA Corporation\PhysX\Common;C:\Program Files\NVIDIA Corporation\NVIDIA NvDLISR;C:\Windows\system32\config\systemprofile\AppData\Local\Microsoft\WindowsApps;C;C:\Program Files\Microsoft SQL Server\Client SDK\ODBC\170\Tools\Binn\;C:\Program Files (x86)\Microsoft SQL Server\150\Tools\Binn\;C:\Program Files\Microsoft SQL Server\150\Tools\Binn\;C:\Program Files\Microsoft SQL Server\150\DTS\Binn\;C:\WINDOWS\system32;C:\WINDOWS;C:\WINDOWS\System32\Wbem;C:\WINDOWS\System32\WindowsPowerShell\v1.0\;C:\WINDOWS\System32\OpenSSH\;C:\Program Files\PuTTY\;C:\ProgramData\chocolatey\bin;C:\Program Files\NVIDIA Corporation\Nsight Compute 2022.1.1\;C:\Program Files\LLVM\bin;C:\ProgramData\chocolatey\lib\maven\apache-maven-3.8.5\bin;C:\Program Files\OpenJDK\jdk-18\bin;C:\Program Files\dotnet\;C:\Program Files\Git\cmd;C:\Users\Ian\AppData\Local\Microsoft\WindowsApps;C:\Users\Ian\AppData\Local\Programs\Microsoft VS Code\bin;C:\Users\Ian\AppData\Local\Programs\oh-my-posh\bin;C:\ProgramData\chocolatey\lib\mingw\tools\install\mingw64\bin;C:\Users\Ian\.dotnet\tools
# environment
COMPUTERNAME = DESKTOP-O7BQVI7
# default
MAKEFILES := 
# automatic
^F = $(notdir $^)
# environment
PROMPT = $P$G
# environment
CHOCOLATEYLASTPATHUPDATE = 132943929705767652
# environment
NVTOOLSEXT_PATH = C:\Program Files\NVIDIA Corporation\NvToolsExt\
# environment
CUDA_PATH_V11_4 = C:\Program Files\NVIDIA GPU Computing Toolkit\CUDA\v11.4
# environment
LOGONSERVER = \\DESKTOP-O7BQVI7
# environment
VSCODE_LOG_NATIVE = false
# environment
USERNAME = Ian
# environment
COMMONPROGRAMFILES = C:\Program Files (x86)\Common Files
# automatic
?F = $(notdir $?)
# environment
PROGRAMW6432 = C:\Program Files
# environment
PATHEXT = .COM;.EXE;.BAT;.CMD;.VBS;.VBE;.JS;.JSE;.WSF;.WSH;.MSC
# automatic
+F = $(notdir $+)
# environment
NVCUDASAMPLES11_4_ROOT = C:\ProgramData\NVIDIA Corporation\CUDA Samples\v11.4
# environment
ORIGINAL_XDG_CURRENT_DESKTOP = undefined
# environment
USERDOMAIN = DESKTOP-O7BQVI7
# 'override' directive
GNUMAKEFLAGS := 
# environment
OS = Windows_NT
# environment
CUDA_PATH_V11_6 = C:\Program Files\NVIDIA GPU Computing Toolkit\CUDA\v11.6
# makefile
.DEFAULT_GOAL := 
# environment
PYTHONUNBUFFERED = 0
# default
MAKE_VERSION := 4.3
# environment
PROGRAMFILES(X86) = C:\Program Files (x86)
# environment
IDF_TARGET = esp32
# environment
NVCUDASAMPLES_ROOT = C:\ProgramData\NVIDIA Corporation\CUDA Samples\v11.4
# environment
USERDOMAIN_ROAMINGPROFILE = DESKTOP-O7BQVI7
# environment
NUMBER_OF_PROCESSORS = 20
# environment
PUBLIC = C:\Users\Public
# environment
APPDATA = C:\Users\Ian\AppData\Roaming
# environment
HO 
MEDRIVE = C:
# environment
PROCESSOR_ARCHITECTURE = x86
# environment
VSCODE_AMD_ENTRYPOINT = vs/workbench/api/node/extensionHostProcess
# environment
COMMONPROGRAMFILES(X86) = C:\Program Files (x86)\Common Files
# environment
ELECTRON_RUN_AS_NODE = 1
# environment
TEMP = C:\Users\Ian\AppData\Local\Temp
# environment
VSCODE_IPC_HOOK = \\.\pipe\abd019534c528eb7bc3c6dcc4bee251a-1.68.1-main-sock
# default
.RECIPEPREFIX := 
# automatic
<F = $(notdir $<)
# default
SUFFIXES := 
# environment
ALLUSERSPROFILE = C:\ProgramData
# environment
SESSIONNAME = Console
# default
.FEATURES := target-specific order-only second-expansion else-if shortest-stem undefine oneshell nocomment grouped-target extra-prereqs archives jobserver output-sync load
# environment
PROCESSOR_REVISION = a505
# environment
CHOCOLATEYTOOLSLOCATION = C:\tools
# environment
PROCESSOR_IDENTIFIER = Intel64 Family 6 Model 165 Stepping 5, GenuineIntel
# variable set hash-table stats:
# Load=107/1024=10%, Rehash=0, Collisions=9/131=7%

# Pattern-specific Variable Values

# No pattern-specific variable values.

# Directories

# . (key c:/Users/Ian/VSCode_Projects/ESP32_CAM_LIVE, mtime 1656574266): 11 files, no impossibilities.

# 11 files, no impossibilities in 1 directories.

# Implicit Rules

# No implicit rules.

# Files

# Not a target:
Makefile:
#  Implicit rule search has not been done.
#  Last modified 2022-06-30 01:05:04
#  File has not been updated.

# Not a target:
/make/project.mk:
#  Implicit rule search has been done.
#  File does not exist.
#  File has not been updated.

# Not a target:
.DEFAULT:
#  Implicit rule search has not been done.
#  Modification time never checked.
#  File has not been updated.

# Not a target:
all:
#  Command line target.
#  Implicit rule search has not been done.
#  Modification time never checked.
#  File has not been updated.

# files hash-table stats:
# Load=5/1024=0%, Rehash=0, Collisions=0/16=0%
# VPATH Search Paths

# No 'vpath' search paths.

# No general ('VPATH' variable) search path.

# strcache buffers: 1 (0) / strings = 15 / storage = 130 B / avg = 8 B
# current buf: size = 8174 B / used = 130 B / count = 15 / avg = 8 B

# strcache performance: lookups = 20 / hit rate = 25%
# hash-table stats:
# Load=15/8192=0%, Rehash=0, Collisions=0/20=0%
# Finished Make data base on Thu Jun 30 01:31:06 2022

 
